make all --print-data-base --no-builtin-variables --no-builtin-rules --question
# GNU Make 4.2.1
# Built for x86_64-pc-linux-gnu
# Copyright (C) 1988-2016 Free Software Foundation, Inc.
# License GPLv3+: GNU GPL version 3 or later <http://gnu.org/licenses/gpl.html>
# This is free software: you are free to change and redistribute it.
# There is NO WARRANTY, to the extent permitted by law.
 

# Make data base, printed on Wed Jun  1 18:09:58 2022

# Variables

# automatic
<D = $(patsubst %/,%,$(dir $<))
# automatic
?F = $(notdir $?)
# environment
DESKTOP_SESSION = ubuntu
# default
.SHELLFLAGS := -c
# makefile (from 'Makefile', line 60)
LFT_DIR = inc/libft/
# environment
XDG_SESSION_CLASS = user
# environment
XDG_SESSION_TYPE = x11
# environment
VSCODE_LOG_NATIVE = false
# automatic
?D = $(patsubst %/,%,$(dir $?))
# automatic
@D = $(patsubst %/,%,$(dir $@))
# environment
XAUTHORITY = /mnt/nfs/homes/chduong/.Xauthority
# environment
GDMSESSION = ubuntu
# environment
XMODIFIERS = @im=ibus
# makefile
CURDIR := /mnt/nfs/homes/chduong/Desktop/github
# makefile (from 'Makefile', line 51)
LINK = -lm $(LINK_MLX) $(LINK_LFT)
# makefile
SHELL = /bin/sh
# makefile (from 'Makefile', line 24)
RM = rm -rf
# environment
VSCODE_NLS_CONFIG = {"locale":"en-us","availableLanguages":{},"_languagePackSupport":true}
# makefile (from 'Makefile', line 53)
LINK_MLX = -L ./inc/mlx -lmlx -lXext -lX11
# environment
_ = /usr/bin/dbus-update-activation-environment
# makefile (from 'Makefile', line 44)
CFLAGS = -Wall -Wextra -Werror
# makefile (from 'Makefile', line 33)
BLUE = $'\033[0;34m
# environment
JOURNAL_STREAM = 9:58590
# environment
XDG_CONFIG_DIRS = /etc/xdg/xdg-ubuntu:/etc/xdg
# makefile (from 'Makefile', line 1)
MAKEFILE_LIST :=  Makefile
# automatic
@F = $(notdir $@)
# environment
GIO_LAUNCHED_DESKTOP_FILE = /usr/share/applications/code.desktop
# makefile (from 'Makefile', line 45)
DEBUG = -fsanitize=address -g3
# 'override' directive
GNUMAKEFLAGS := 
# makefile (from 'Makefile', line 58)
OBJ_DIR = obj/
# environment
MANDATORY_PATH = /usr/share/gconf/ubuntu.mandatory.path
# environment
XDG_DATA_DIRS = /usr/share/gnome:/usr/share/ubuntu:/mnt/nfs/homes/chduong/.local/share/flatpak/exports/share:/var/lib/flatpak/exports/share:/usr/local/share:/usr/share:/var/lib/snapd/desktop
# environment
DBUS_SESSION_BUS_ADDRESS = unix:path=/run/user/40104/bus
# environment
VSCODE_VERBOSE_LOGGING = true
# environment
MANAGERPID = 2966
# environment
VSCODE_IPC_HOOK_EXTHOST = /run/user/40104/vscode-ipc-1e0cd026-c13b-43f4-b062-665d6293b222.sock
# environment
VSCODE_CWD = /mnt/nfs/homes/chduong
# environment
XDG_SESSION_PATH = /org/freedesktop/DisplayManager/Session0
# environment
KRB5CCNAME = FILE:/tmp/krb5cc_40104_5hKOvi
# default
MAKE_HOST := x86_64-pc-linux-gnu
# environment
PATH = /usr/local/sbin:/usr/local/bin:/usr/sbin:/usr/bin:/sbin:/bin:/usr/games:/usr/local/games:/snap/bin
# makefile (from 'Makefile', line 39)
BOLD = $'\e[1m
# environment
GPG_AGENT_INFO = /run/user/40104/gnupg/S.gpg-agent:0:1
# environment
SESSION_MANAGER = local/e2r2p17.clusters.42paris.fr:@/tmp/.ICE-unix/3426,unix/e2r2p17.clusters.42paris.fr:/tmp/.ICE-unix/3426
# environment
XDG_RUNTIME_DIR = /run/user/40104
# makefile (from 'Makefile', line 38)
END = $'\033[0;m
# makefile (from 'Makefile', line 23)
AR = ar rcs
# environment
XDG_MENU_PREFIX = gnome-
# environment
VSCODE_LOG_STACK = false
# environment
ELECTRON_RUN_AS_NODE = 1
# environment
INVOCATION_ID = c6114bba92804543b425633aa5f42d96
# default
.FEATURES := target-specific order-only second-expansion else-if shortest-stem undefine oneshell archives jobserver output-sync check-symlink load
# makefile (from 'Makefile', line 35)
PURPLE = $'\033[0;35m
# environment
XDG_GREETER_DATA_DIR = /var/lib/lightdm-data/chduong
# environment
XDG_SESSION_DESKTOP = ubuntu
# environment
SSH_AUTH_SOCK = /run/user/40104/keyring/ssh
# environment
GIO_LAUNCHED_DESKTOP_FILE_PID = 3810
# automatic
%F = $(notdir $%)
# environment
DISPLAY = :0
# environment
VSCODE_PIPE_LOGGING = true
# environment
PWD = /mnt/nfs/homes/chduong/Desktop/github
# makefile (from 'Makefile', line 29)
GREY = $'\033[0;30m
# default
.LOADED := 
# environment
SSH_AGENT_PID = 3389
# makefile (from 'Makefile', line 67)
MLX = $(MLX_DIR)libmlx.a
# environment
ORIGINAL_XDG_CURRENT_DESKTOP = ubuntu:GNOME
# makefile (from 'Makefile', line 31)
GREEN = $'\033[0;92m
# environment
GTK_MODULES = gail:atk-bridge
# makefile (from 'Makefile', line 34)
U_BLUE = $'\033[4;34m
# environment
VSCODE_AMD_ENTRYPOINT = vs/workbench/api/node/extensionHostProcess
# environment
HOME = /mnt/nfs/homes/chduong
# makefile (from 'Makefile', line 48)
INC_LFT = -I inc/libft/inc
# environment
VSCODE_CODE_CACHE_PATH = /mnt/nfs/homes/chduong/.config/Code/CachedData/c3511e6c69bb39013c4a4b7b9566ec1ca73fc4d5
# environment
LOGNAME = chduong
# environment
APPLICATION_INSIGHTS_NO_DIAGNOSTIC_CHANNEL = true
# environment
VSCODE_HANDLES_UNCAUGHT_ERRORS = true
# environment
GNOME_DESKTOP_SESSION_ID = this-is-deprecated
# automatic
^D = $(patsubst %/,%,$(dir $^))
# makefile (from 'Makefile', line 22)
MKDIR = mkdir -p
# environment
MAKELEVEL := 0
# default
MAKE = $(MAKE_COMMAND)
# default
MAKECMDGOALS := all
# environment
QT_IM_MODULE = ibus
# environment
SHLVL = 0
# makefile (from 'Makefile', line 37)
WHITE = $'\033[0;37m
# makefile (from 'Makefile', line 21)
CC = clang
# environment
IM_CONFIG_PHASE = 1
# default
MAKE_VERSION := 4.2.1
# environment
USER = chduong
# makefile
.DEFAULT_GOAL := cub3D
# environment
XDG_CURRENT_DESKTOP = Unity
# environment
LIBVIRT_DEFAULT_URI = qemu:///system
# automatic
%D = $(patsubst %/,%,$(dir $%))
# default
MAKE_COMMAND := make
# makefile (from 'Makefile', line 47)
INC = -I inc $(INC_MLX) $(INC_LFT)
# makefile (from 'Makefile', line 69)
C3D_SRC = main.c		key_control.c ${addprefix parsing/, parsing.c			collectdata.c		create_map.c check_each_elem.c	check_elems.c		check_map.c valid_char.c		player_position.c} ${addprefix utils/, getnextline.c		utils.c				maths.c} ${addprefix raycasting/, raycasting.c} ${addprefix display/, player_view.c		minimap.c		pixel_utils.c intersections.c} 
# default
.VARIABLES := 
# automatic
*F = $(notdir $*)
# makefile (from 'Makefile', line 49)
INC_MLX = -I /usr/inc -I inc/mlx
# environment
XDG_SEAT_PATH = /org/freedesktop/DisplayManager/Seat0
# environment
VSCODE_IPC_HOOK = /run/user/40104/vscode-d8cd8338-1.67.2-main.sock
# makefile (from 'Makefile', line 86)
C3D_OBJ := obj/main.o obj/key_control.o obj/parsing/parsing.o obj/parsing/collectdata.o obj/parsing/create_map.o obj/parsing/check_each_elem.o obj/parsing/check_elems.o obj/parsing/check_map.o obj/parsing/valid_char.o obj/parsing/player_position.o obj/utils/getnextline.o obj/utils/utils.o obj/utils/maths.o obj/raycasting/raycasting.o obj/display/player_view.o obj/display/minimap.o obj/display/pixel_utils.o obj/display/intersections.o
# makefile (from 'Makefile', line 30)
RED = $'\033[0;31m
# makefile
MAKEFLAGS = pqrR
# environment
MFLAGS = -pqrR
# automatic
*D = $(patsubst %/,%,$(dir $*))
# automatic
+D = $(patsubst %/,%,$(dir $+))
# makefile (from 'Makefile', line 32)
YELLOW = $'\033[0;33m
# environment
GDK_BACKEND = x11
# makefile (from 'Makefile', line 36)
CYAN = $'\033[0;96m
# automatic
+F = $(notdir $+)
# makefile (from 'Makefile', line 16)
C3D = cub3D
# environment
QT_ACCESSIBILITY = 1
# environment
DEFAULTS_PATH = /usr/share/gconf/ubuntu.default.path
# default
MAKEFILES := 
# makefile (from 'Makefile', line 59)
SRC_DIR = srcs/
# automatic
<F = $(notdir $<)
# makefile (from 'Makefile', line 61)
MLX_DIR = inc/mlx/
# makefile (from 'Makefile', line 66)
LFT = $(LFT_DIR)libft.a
# environment
LC_ALL = C
# environment
GJS_DEBUG_TOPICS = JS ERROR;JS LOG
# automatic
^F = $(notdir $^)
# default
SUFFIXES := 
# environment
CHROME_DESKTOP = code-url-handler.desktop
# makefile (from 'Makefile', line 52)
LINK_LFT = -L ./inc/libft -lft
# default
.INCLUDE_DIRS = /usr/include /usr/local/include /usr/include
# environment
GJS_DEBUG_OUTPUT = stderr
# default
.RECIPEPREFIX := 
# environment
LANG = C
# environment
DOCKER_HOST = unix:///run/user/40104/docker.sock
# environment
VSCODE_PID = 3810
# variable set hash-table stats:
# Load=131/1024=13%, Rehash=0, Collisions=23/175=13%

# Pattern-specific Variable Values

# No pattern-specific variable values.

# Directories

# . (device 56, inode 203325444): 13 files, no impossibilities.
# srcs/raycasting (device 56, inode 203325991): 3 files, no impossibilities so far.
 
# srcs/display (device 56, inode 203326012): 6 files, no impossibilities so far.
# srcs/utils (device 56, inode 203325993): 5 files, no impossibilities so far.
# srcs (device 56, inode 203325984): 6 files, no impossibilities so far.
# srcs/parsing (device 56, inode 203325988): 10 files, no impossibilities so far.

# 43 files, no impossibilities in 6 directories.

# Implicit Rules

obj/%.o: srcs/%.c
#  recipe to execute (from 'Makefile', line 105):
	@${MKDIR} ${@D}
	@${CC} ${CFLAGS} ${INC} -c -o $@ $<

# 1 implicit rules, 0 (0.0%) terminal.

# Files

all: cub3D
#  Phony target (prerequisite of .PHONY).
#  Command line target.
#  Implicit rule search has not been done.
#  File does not exist.
#  File has been updated.
#  Successfully updated.

obj/parsing/parsing.o: srcs/parsing/parsing.c
#  Implicit rule search has been done.
#  Implicit/static pattern stem: 'parsing/parsing'
#  Last modified 2022-06-01 18:04:25.264407837
#  File has been updated.
#  Successfully updated.
#  recipe to execute (from 'Makefile', line 105):
	@${MKDIR} ${@D}
	@${CC} ${CFLAGS} ${INC} -c -o $@ $<

.PHONY: all clean fclean re
#  Implicit rule search has not been done.
#  Modification time never checked.
#  File has not been updated.

# Not a target:
srcs/parsing/parsing.c:
#  Implicit rule search has been done.
#  Last modified 2022-05-30 14:24:18.432578132
#  File has been updated.
#  Successfully updated.

obj/parsing/collectdata.o: srcs/parsing/collectdata.c
#  Implicit rule search has been done.
#  Implicit/static pattern stem: 'parsing/collectdata'
#  Last modified 2022-06-01 18:04:25.324407814
#  File has been updated.
#  Successfully updated.
#  recipe to execute (from 'Makefile', line 105):
	@${MKDIR} ${@D}
	@${CC} ${CFLAGS} ${INC} -c -o $@ $<

cub3D: inc/mlx/libmlx.a inc/libft/libft.a obj/ obj/main.o obj/key_control.o obj/parsing/parsing.o obj/parsing/collectdata.o obj/parsing/create_map.o obj/parsing/check_each_elem.o obj/parsing/check_elems.o obj/parsing/check_map.o obj/parsing/valid_char.o obj/parsing/player_position.o obj/utils/getnextline.o obj/utils/utils.o obj/utils/maths.o obj/raycasting/raycasting.o obj/display/player_view.o obj/display/minimap.o obj/display/pixel_utils.o obj/display/intersections.o
#  Implicit rule search has not been done.
#  Last modified 2022-06-01 18:04:26.636407318
#  File has been updated.
#  Successfully updated.
#  recipe to execute (from 'Makefile', line 92):
	@echo "> $(CYAN)Generate objects$(END) : \t\t[$(GREEN)OK$(END)]"
	@$(CC) $(DEBUG) -o $@ $(C3D_OBJ) $(LIBFT) $(MLX) $(LINK)
	@echo "> $(WHITE)$(BOLD)Cube3D Compilation$(END) : \t\t[$(YELLOW)COMPLETE$(END)]"

# Not a target:
srcs/parsing/collectdata.c:
#  Implicit rule search has been done.
#  Last modified 2022-06-01 18:03:30.96842812
#  File has been updated.
#  Successfully updated.

obj/parsing/valid_char.o: srcs/parsing/valid_char.c
#  Implicit rule search has been done.
#  Implicit/static pattern stem: 'parsing/valid_char'
#  Last modified 2022-06-01 18:04:25.644407693
#  File has been updated.
#  Successfully updated.
#  recipe to execute (from 'Makefile', line 105):
	@${MKDIR} ${@D}
	@${CC} ${CFLAGS} ${INC} -c -o $@ $<

obj/utils/maths.o: srcs/utils/maths.c
#  Implicit rule search has been done.
#  Implicit/static pattern stem: 'utils/maths'
#  Last modified 2022-06-01 18:04:25.956407575
#  File has been updated.
#  Successfully updated.
#  recipe to execute (from 'Makefile', line 105):
	@${MKDIR} ${@D}
	@${CC} ${CFLAGS} ${INC} -c -o $@ $<

# Not a target:
srcs/parsing/valid_char.c:
#  Implicit rule search has been done.
#  Last modified 2022-05-30 13:00:05.343400729
#  File has been updated.
#  Successfully updated.

obj/raycasting/raycasting.o: srcs/raycasting/raycasting.c
#  Implicit rule search has been done.
#  Implicit/static pattern stem: 'raycasting/raycasting'
#  Last modified 2022-06-01 18:04:26.016407552
#  File has been updated.
#  Successfully updated.
#  recipe to execute (from 'Makefile', line 105):
	@${MKDIR} ${@D}
	@${CC} ${CFLAGS} ${INC} -c -o $@ $<

# Not a target:
srcs/utils/maths.c:
#  Implicit rule search has been done.
#  Last modified 2022-05-31 17:44:40.666783752
#  File has been updated.
#  Successfully updated.

obj/main.o: srcs/main.c
#  Implicit rule search has been done.
#  Implicit/static pattern stem: 'main'
#  Last modified 2022-06-01 18:04:25.144407882
#  File has been updated.
#  Successfully updated.
#  recipe to execute (from 'Makefile', line 105):
	@${MKDIR} ${@D}
	@${CC} ${CFLAGS} ${INC} -c -o $@ $<

# Not a target:
srcs/raycasting/raycasting.c:
#  Implicit rule search has been done.
#  Last modified 2022-06-01 15:14:19.421174533
#  File has been updated.
#  Successfully updated.

# Not a target:
Makefile:
#  Implicit rule search has been done.
#  Last modified 2022-06-01 18:04:19.924409855
#  File has been updated.
#  Successfully updated.

# Not a target:
srcs/main.c:
#  Implicit rule search has been done.
#  Last modified 2022-05-30 15:44:50.561848909
#  File has been updated.
#  Successfully updated.

obj/parsing/create_map.o: srcs/parsing/create_map.c
#  Implicit rule search has been done.
#  Implicit/static pattern stem: 'parsing/create_map'
#  Last modified 2022-06-01 18:04:25.38840779
#  File has been updated.
#  Successfully updated.
#  recipe to execute (from 'Makefile', line 105):
	@${MKDIR} ${@D}
	@${CC} ${CFLAGS} ${INC} -c -o $@ $<

obj/key_control.o: srcs/key_control.c
#  Implicit rule search has been done.
#  Implicit/static pattern stem: 'key_control'
#  Last modified 2022-06-01 18:04:25.20440786
#  File has been updated.
#  Successfully updated.
#  recipe to execute (from 'Makefile', line 105):
	@${MKDIR} ${@D}
	@${CC} ${CFLAGS} ${INC} -c -o $@ $<

inc/libft/libft.a:
#  Implicit rule search has not been done.
#  Last modified 2022-06-01 18:04:25.068407911
#  File has been updated.
#  Successfully updated.
#  recipe to execute (from 'Makefile', line 97):
	@make -s -C $(LFT_DIR)
	@echo "> $(CYAN)Libft Compilation$(END) : \t\t[$(GREEN)OK$(END)]"
	

# Not a target:
srcs/parsing/create_map.c:
#  Implicit rule search has been done.
#  Last modified 2022-05-30 15:06:20.92310474
#  File has been updated.
#  Successfully updated.

# Not a target:
srcs/key_control.c:
#  Implicit rule search has been done.
#  Last modified 2022-06-01 14:46:10.39800881
#  File has been updated.
#  Successfully updated.

obj/utils/getnextline.o: srcs/utils/getnextline.c
#  Implicit rule search has been done.
#  Implicit/static pattern stem: 'utils/getnextline'
#  Last modified 2022-06-01 18:04:25.772407645
#  File has been updated.
#  Successfully updated.
#  recipe to execute (from 'Makefile', line 105):
	@${MKDIR} ${@D}
	@${CC} ${CFLAGS} ${INC} -c -o $@ $<

obj/parsing/player_position.o: srcs/parsing/player_position.c
#  Implicit rule search has been done.
#  Implicit/static pattern stem: 'parsing/player_position'
#  Last modified 2022-06-01 18:04:25.704407671
#  File has been updated.
#  Successfully updated.
#  recipe to execute (from 'Makefile', line 105):
	@${MKDIR} ${@D}
	@${CC} ${CFLAGS} ${INC} -c -o $@ $<

# Not a target:
srcs/utils/getnextline.c:
#  Implicit rule search has been done.
#  Last modified 2022-05-23 20:44:41.840306866
#  File has been updated.
#  Successfully updated.

# Not a target:
srcs/parsing/player_position.c:
#  Implicit rule search has been done.
#  Last modified 2022-05-30 13:09:16.283084935
#  File has been updated.
#  Successfully updated.

inc/mlx/libmlx.a:
#  Implicit rule search has not been done.
#  Last modified 2022-06-01 18:04:23.684408435
#  File has been updated.
#  Successfully updated.
#  recipe to execute (from 'Makefile', line 101):
	@make -s -C $(MLX_DIR) all
	@echo "> $(CYAN)Create MiniLibX$(END) : \t\t[$(GREEN)OK$(END)]"

bonus:
#  Implicit rule search has not been done.
#  Modification time never checked.
#  File has not been updated.
#  recipe to execute (from 'Makefile', line 114):
	

fclean: clean
#  Phony target (prerequisite of .PHONY).
#  Implicit rule search has not been done.
#  File does not exist.
#  File has not been updated.
#  recipe to execute (from 'Makefile', line 121):
	@make -s -C $(MLX_DIR) clean
	@echo "> $(PURPLE)Delete MiniLibX$(END) : \t\t[$(GREEN)OK$(END)]"
	@make -s -C $(LFT_DIR) fclean
	@echo "> $(PURPLE)Delete LIBFT$(END) : \t\t[$(GREEN)OK$(END)]"
	@$(RM) $(C3D)
	@echo "> $(PURPLE)Delete Program$(END) : \t\t[$(GREEN)OK$(END)]"
	

obj/:
#  Implicit rule search has not been done.
#  Last modified 2022-06-01 18:04:26.024407549
#  File has been updated.
#  Successfully updated.
#  recipe to execute (from 'Makefile', line 109):
	@$(MKDIR) $(OBJ_DIR)
	

obj/parsing/check_each_elem.o: srcs/parsing/check_each_elem.c
#  Implicit rule search has been done.
#  Implicit/static pattern stem: 'parsing/check_each_elem'
#  Last modified 2022-06-01 18:04:25.452407766
#  File has been updated.
#  Successfully updated.
#  recipe to execute (from 'Makefile', line 105):
	@${MKDIR} ${@D}
	@${CC} ${CFLAGS} ${INC} -c -o $@ $<

# Not a target:
srcs/parsing/check_each_elem.c:
#  Implicit rule search has been done.
#  Last modified 2022-06-01 17:14:04.729946977
 
#  File has been updated.
#  Successfully updated.

norm:
#  Implicit rule search has not been done.
#  Modification time never checked.
#  File has not been updated.
#  recipe to execute (from 'Makefile', line 131):
	@norminette ${SRC_DIR} ${INC_DIR} ${LFT_DIR} | grep 'Error' ; true

# Not a target:
.DEFAULT:
#  Implicit rule search has not been done.
#  Modification time never checked.
#  File has not been updated.

obj/display/pixel_utils.o: srcs/display/pixel_utils.c
#  Implicit rule search has been done.
#  Implicit/static pattern stem: 'display/pixel_utils'
#  Last modified 2022-06-01 18:04:26.200407483
#  File has been updated.
#  Successfully updated.
#  recipe to execute (from 'Makefile', line 105):
	@${MKDIR} ${@D}
	@${CC} ${CFLAGS} ${INC} -c -o $@ $<

# Not a target:
srcs/display/pixel_utils.c:
#  Implicit rule search has been done.
#  Last modified 2022-06-01 14:56:11.201726118
#  File has been updated.
#  Successfully updated.

re: fclean all
#  Phony target (prerequisite of .PHONY).
#  Implicit rule search has not been done.
#  File does not exist.
#  File has not been updated.

leak:
#  Implicit rule search has not been done.
#  Modification time never checked.
#  File has not been updated.
#  recipe to execute (from 'Makefile', line 134):
	valgrind ./${C3D}

obj/parsing/check_elems.o: srcs/parsing/check_elems.c
#  Implicit rule search has been done.
#  Implicit/static pattern stem: 'parsing/check_elems'
#  Last modified 2022-06-01 18:04:25.512407743
#  File has been updated.
#  Successfully updated.
#  recipe to execute (from 'Makefile', line 105):
	@${MKDIR} ${@D}
	@${CC} ${CFLAGS} ${INC} -c -o $@ $<

clean:
#  Phony target (prerequisite of .PHONY).
#  Implicit rule search has not been done.
#  File does not exist.
#  File has not been updated.
#  recipe to execute (from 'Makefile', line 116):
	@$(RM) $(OBJ_DIR)
	@make -s -C $(LFT_DIR) clean
	@echo "> $(PURPLE)Clean objects$(END) : \t\t[$(GREEN)OK$(END)]"
	

obj/display/player_view.o: srcs/display/player_view.c
#  Implicit rule search has been done.
#  Implicit/static pattern stem: 'display/player_view'
#  Last modified 2022-06-01 18:04:26.072407531
#  File has been updated.
#  Successfully updated.
#  recipe to execute (from 'Makefile', line 105):
	@${MKDIR} ${@D}
	@${CC} ${CFLAGS} ${INC} -c -o $@ $<

# Not a target:
srcs/parsing/check_elems.c:
#  Implicit rule search has been done.
#  Last modified 2022-05-25 15:55:51.488256092
#  File has been updated.
#  Successfully updated.

# Not a target:
srcs/display/player_view.c:
#  Implicit rule search has been done.
#  Last modified 2022-06-01 15:39:27.944401016
#  File has been updated.
#  Successfully updated.

obj/display/minimap.o: srcs/display/minimap.c
#  Implicit rule search has been done.
#  Implicit/static pattern stem: 'display/minimap'
#  Last modified 2022-06-01 18:04:26.136407506
#  File has been updated.
#  Successfully updated.
#  recipe to execute (from 'Makefile', line 105):
	@${MKDIR} ${@D}
	@${CC} ${CFLAGS} ${INC} -c -o $@ $<

# Not a target:
srcs/display/minimap.c:
#  Implicit rule search has been done.
#  Last modified 2022-06-01 14:56:21.441721221
#  File has been updated.
#  Successfully updated.

obj/parsing/check_map.o: srcs/parsing/check_map.c
#  Implicit rule search has been done.
#  Implicit/static pattern stem: 'parsing/check_map'
#  Last modified 2022-06-01 18:04:25.576407719
#  File has been updated.
#  Successfully updated.
#  recipe to execute (from 'Makefile', line 105):
	@${MKDIR} ${@D}
	@${CC} ${CFLAGS} ${INC} -c -o $@ $<

# Not a target:
srcs/parsing/check_map.c:
#  Implicit rule search has been done.
#  Last modified 2022-05-30 13:09:16.279084937
#  File has been updated.
#  Successfully updated.

obj/utils/utils.o: srcs/utils/utils.c
#  Implicit rule search has been done.
#  Implicit/static pattern stem: 'utils/utils'
#  Last modified 2022-06-01 18:04:25.900407596
#  File has been updated.
#  Successfully updated.
#  recipe to execute (from 'Makefile', line 105):
	@${MKDIR} ${@D}
	@${CC} ${CFLAGS} ${INC} -c -o $@ $<

obj/display/intersections.o: srcs/display/intersections.c
#  Implicit rule search has been done.
#  Implicit/static pattern stem: 'display/intersections'
#  Last modified 2022-06-01 18:04:26.276407454
#  File has been updated.
#  Successfully updated.
#  recipe to execute (from 'Makefile', line 105):
	@${MKDIR} ${@D}
	@${CC} ${CFLAGS} ${INC} -c -o $@ $<

# Not a target:
srcs/utils/utils.c:
#  Implicit rule search has been done.
#  Last modified 2022-06-01 17:11:10.262022315
#  File has been updated.
#  Successfully updated.

# Not a target:
srcs/display/intersections.c:
#  Implicit rule search has been done.
#  Last modified 2022-06-01 14:44:06.33806533
#  File has been updated.
#  Successfully updated.

# files hash-table stats:
# Load=51/1024=5%, Rehash=0, Collisions=1/148=1%
# VPATH Search Paths

# No 'vpath' search paths.

# No general ('VPATH' variable) search path.

# strcache buffers: 1 (0) / strings = 108 / storage = 1726 B / avg = 15 B
# current buf: size = 8162 B / used = 1726 B / count = 108 / avg = 15 B

# strcache performance: lookups = 166 / hit rate = 34%
# hash-table stats:
# Load=108/8192=1%, Rehash=0, Collisions=6/166=4%
# Finished Make data base on Wed Jun  1 18:09:58 2022

 
